情報: Serverのバージョン名:     Apache Tomcat/8.5.64 [火 8 17 02:41:01 JST 2021]
情報: Server ビルド:            Mar 4 2021 23:14:16 UTC [火 8 17 02:41:01 JST 2021]
情報: サーバーのバージョン番号: 8.5.64.0 [火 8 17 02:41:01 JST 2021]
情報: OS 名:                    Windows 10 [火 8 17 02:41:01 JST 2021]
情報: OS バージョン:            10.0 [火 8 17 02:41:01 JST 2021]
情報: アーキテクチャ:           amd64 [火 8 17 02:41:01 JST 2021]
情報: Java Home:                C:\Users\tomoy\Desktop\pleiades\java\8\jre [火 8 17 02:41:01 JST 2021]
情報: JVM バージョン:           1.8.0_202-b08 [火 8 17 02:41:01 JST 2021]
情報: JVM ベンダ:               Oracle Corporation [火 8 17 02:41:01 JST 2021]
情報: CATALINA_BASE:            C:\Users\tomoy\Documents\GitHub\curriculum\JavaStudy\.metadata\.plugins\org.eclipse.wst.server.core\tmp3 [火 8 17 02:41:01 JST 2021]
情報: CATALINA_HOME:            C:\Users\tomoy\Desktop\pleiades\tomcat\8 [火 8 17 02:41:01 JST 2021]
情報: コマンドライン引数:       -Dcatalina.base=C:\Users\tomoy\Documents\GitHub\curriculum\JavaStudy\.metadata\.plugins\org.eclipse.wst.server.core\tmp3 [火 8 17 02:41:01 JST 2021]
情報: コマンドライン引数:       -Dcatalina.home=C:\Users\tomoy\Desktop\pleiades\tomcat\8 [火 8 17 02:41:01 JST 2021]
情報: コマンドライン引数:       -Dwtp.deploy=C:\Users\tomoy\Documents\GitHub\curriculum\JavaStudy\.metadata\.plugins\org.eclipse.wst.server.core\tmp3\wtpwebapps [火 8 17 02:41:01 JST 2021]
情報: コマンドライン引数:       -Djava.endorsed.dirs=C:\Users\tomoy\Desktop\pleiades\tomcat\8\endorsed [火 8 17 02:41:01 JST 2021]
情報: コマンドライン引数:       -Dfile.encoding=UTF-8 [火 8 17 02:41:01 JST 2021]
情報: 商用環境に最適な性能を発揮する APR ベースの Tomcat ネイティブライブラリが java.library.path [C:\Users\tomoy\Desktop\pleiades\java\8\bin;C:\WINDOWS\Sun\Java\bin;C:\WINDOWS\system32;C:\WINDOWS;C:/Users/tomoy/Desktop/pleiades/eclipse//jre/bin/server;C:/Users/tomoy/Desktop/pleiades/eclipse//jre/bin;C:\Program Files\Common Files\Oracle\Java\javapath;C:\Program Files (x86)\Common Files\Oracle\Java\javapath;C:\Program Files\Java\jdk-14.0.2\bin;C:\Program Files (x86)\Intel\iCLS Client\;C:\Program Files\Intel\iCLS Client\;C:\WINDOWS\system32;C:\WINDOWS;C:\WINDOWS\System32\Wbem;C:\WINDOWS\System32\WindowsPowerShell\v1.0\;C:\Program Files (x86)\Intel\Intel(R) Management Engine Components\DAL;C:\Program Files\Intel\Intel(R) Management Engine Components\DAL;C:\Program Files (x86)\Intel\Intel(R) Management Engine Components\IPT;C:\Program Files\Intel\Intel(R) Management Engine Components\IPT;C:\Program Files\Microsoft SQL Server\110\Tools\Binn\;C:\Program Files\Microsoft SQL Server\120\Tools\Binn\;C:\Program Files\Microsoft SQL Server\130\Tools\Binn\;C:\WINDOWS\System32\OpenSSH\;C:\Program Files\Intel\WiFi\bin\;C:\Program Files\Common Files\Intel\WirelessCommon\;C:\Program Files\Docker\Docker\resources\bin;C:\ProgramData\DockerDesktop\version-bin;C:\Program Files\MATLAB\R2021a\bin;C:\Program Files\Git\cmd;C:\texlive\2019\bin\win32;C:\Users\tomoy\AppData\Local\Microsoft\WindowsApps;C:\texlive\2018\bin\win32;C:\Users\tomoy\AppData\Local\Programs\Microsoft VS Code\bin;C:\Users\tomoy\AppData\Local\GitHubDesktop\bin;C:\Users\tomoy\AppData\Local\atom\bin;%USERPROFILE%\AppData\Local\Microsoft\WindowsApps;;C:\Users\tomoy\Desktop\pleiades\eclipse;;.] に存在しません。 [火 8 17 02:41:01 JST 2021]
情報: プロトコルハンドラ ["http-nio-8080"] を初期化します。 [火 8 17 02:41:03 JST 2021]
情報: Using a shared selector for servlet write/read [火 8 17 02:41:06 JST 2021]
情報: Initialization processed in 12281 ms [火 8 17 02:41:06 JST 2021]
情報: サービス [Catalina] を起動します [火 8 17 02:41:07 JST 2021]
情報: Starting Servlet Engine: Apache Tomcat/8.5.64 [火 8 17 02:41:07 JST 2021]
情報: 少なくとも1つのJARが、まだTLDを含んでいないTLDについてスキャンされました。 スキャンしたが、そこにTLDが見つからなかったJARの完全なリストについては、このロガーのデバッグログを有効にしてください。 スキャン中に不要なJARをスキップすると、起動時間とJSPのコンパイル時間が改善されます。 [火 8 17 02:41:10 JST 2021]
情報: 少なくとも1つのJARが、まだTLDを含んでいないTLDについてスキャンされました。 スキャンしたが、そこにTLDが見つからなかったJARの完全なリストについては、このロガーのデバッグログを有効にしてください。 スキャン中に不要なJARをスキップすると、起動時間とJSPのコンパイル時間が改善されます。 [火 8 17 02:41:12 JST 2021]
情報: プロトコルハンドラー ["http-nio-8080"] を開始しました。 [火 8 17 02:41:12 JST 2021]
情報: Server startup in 5566 ms [火 8 17 02:41:12 JST 2021]
